<?xml version="1.0" encoding="UTF-8"?>
<testsuite name="desafio.inicial.DegustacaoVinhoTest" tests="1" skipped="0" failures="0" errors="0" timestamp="2022-05-02T16:04:23" hostname="antonio-ssd" time="0.032">
  <properties/>
  <testcase name="test1()" classname="desafio.inicial.DegustacaoVinhoTest" time="0.032"/>
  <system-out><![CDATA[]]></system-out>
  <system-err><![CDATA[]]></system-err>
</testsuite>
