<?xml version="1.0" encoding="UTF-8"?>
<testsuite name="desafio.inicial.DegustacaoVinhoTest" tests="2" skipped="0" failures="0" errors="0" timestamp="2022-05-03T16:38:37" hostname="antonio-ssd" time="0.112">
  <properties/>
  <testcase name="test1()" classname="desafio.inicial.DegustacaoVinhoTest" time="0.002"/>
  <testcase name="test1()" classname="desafio.inicial.DegustacaoVinhoTest" time="0.009"/>
  <system-out><![CDATA[]]></system-out>
  <system-err><![CDATA[]]></system-err>
</testsuite>
